C:\Program Files\Microsoft Visual Studio\2022\Community\MSBuild\Microsoft\VC\v170\Microsoft.CppBuild.targets(514,5): warning MSB8028: The intermediate directory (Debug\) contains files shared from another project (Student_Resume.vcxproj).  This can lead to incorrect clean and rebuild behavior.
  Source.cpp
  student.cpp
C:\Users\Rahul Roy\source\repos\student\student.cpp(45,54): warning C4244: '=': conversion from 'double' to 'int', possible loss of data
C:\Users\Rahul Roy\source\repos\student\student.cpp(51,55): warning C4244: '=': conversion from 'double' to 'int', possible loss of data
C:\Users\Rahul Roy\source\repos\student\student.cpp(107,58): warning C4244: '=': conversion from 'double' to 'unsigned __int64', possible loss of data
C:\Users\Rahul Roy\source\repos\student\student.cpp(113,55): warning C4244: '=': conversion from 'double' to 'int', possible loss of data
C:\Users\Rahul Roy\source\repos\student\student.cpp(159,57): warning C4244: '=': conversion from 'double' to 'int', possible loss of data
C:\Users\Rahul Roy\source\repos\student\student.cpp(186,23): warning C4018: '<': signed/unsigned mismatch
C:\Users\Rahul Roy\source\repos\student\student.cpp(198,23): warning C4018: '<': signed/unsigned mismatch
C:\Program Files\Microsoft Visual Studio\2022\Community\VC\Tools\MSVC\14.32.31326\include\xstring(2603,27): warning C4244: 'argument': conversion from 'wchar_t' to 'const _Elem', possible loss of data
          with
          [
              _Elem=char
          ]
C:\Users\Rahul Roy\source\repos\student\student.cpp(60): message : see reference to function template instantiation 'std::basic_string<char,std::char_traits<char>,std::allocator<char>>::basic_string<std::_String_iterator<std::_String_val<std::_Simple_types<_Elem>>>,0>(_Iter,_Iter,const _Alloc &)' being compiled
          with
          [
              _Elem=wchar_t,
              _Iter=std::_String_iterator<std::_String_val<std::_Simple_types<wchar_t>>>,
              _Alloc=std::allocator<char>
          ]
C:\Users\Rahul Roy\source\repos\student\student.cpp(60): message : see reference to function template instantiation 'std::basic_string<char,std::char_traits<char>,std::allocator<char>>::basic_string<std::_String_iterator<std::_String_val<std::_Simple_types<_Elem>>>,0>(_Iter,_Iter,const _Alloc &)' being compiled
          with
          [
              _Elem=wchar_t,
              _Iter=std::_String_iterator<std::_String_val<std::_Simple_types<wchar_t>>>,
              _Alloc=std::allocator<char>
          ]
  StudentList.cpp
  Generating Code...
  student.vcxproj -> C:\Users\Rahul Roy\source\repos\student\Debug\student.exe
